<?xml version="1.0" encoding="UTF-8"?>
<!-- Generated by org.testng.reporters.JUnitReportReporter -->
<testsuite hostname="DESKTOP-3MO6LL7" name="com.hrm.tests.HRMEX" tests="1" failures="0" timestamp="19 Aug 2019 04:23:19 GMT" time="18.051" errors="0">
  <testcase name="loginhrm" time="18.051" classname="com.hrm.tests.HRMEX"/>
</testsuite> <!-- com.hrm.tests.HRMEX -->
